/data/lab/yan/peihong_li/condaenvlist/bd3lm/lib/python3.9/site-packages/transformers/utils/hub.py:106: FutureWarning: Using `TRANSFORMERS_CACHE` is deprecated and will be removed in v5 of Transformers. Use `HF_HOME` instead.
  warnings.warn(
[rank: 0] Seed set to 1
CONFIG
├── mode
│   └── sample_eval                                                             
├── diffusion
│   └── absorbing_state                                                         
├── seed
│   └── 1                                                                       
├── block_size
│   └── 4                                                                       
├── loader
│   └── global_batch_size: 512                                                  
│       eval_global_batch_size: 512                                             
│       batch_size: 256                                                         
│       eval_batch_size: 1                                                      
│       num_workers: 2                                                          
│       pin_memory: true                                                        
│                                                                               
├── sampling
│   └── noise_removal: false                                                    
│       num_sample_batches: 1                                                   
│       num_cond_batches: 1                                                     
│       var_length: false                                                       
│       logdir: /data/lab/yan/peihong_li/ACL/structure_ABD/sample_logs/cnn_dm_co
│       nucleus_p: 0.9                                                          
│       first_hitting: true                                                     
│       kv_cache: false                                                         
│       context_size: 512                                                       
│                                                                               
├── training
│   └── ema: 0.9999                                                             
│       antithetic_sampling: true                                               
│       sampling_eps: 0.001                                                     
│       coeff_clip: -1.0                                                        
│       resample: false                                                         
│       sampling_eps_min: 0.001                                                 
│       sampling_eps_max: 1.0                                                   
│       from_pretrained: null                                                   
│       eval_nll: true                                                          
│                                                                               
├── eval
│   └── checkpoint_path: /data/lab/yan/peihong_li/ACL/structure_ABD/outputs/cnn_
│       disable_ema: false                                                      
│       perplexity_batch_size: 8                                                
│       compute_perplexity_on_sanity: false                                     
│       gen_ppl_eval_model_name_or_path: gpt2-large                             
│       generate_samples: false                                                 
│                                                                               
├── optim
│   └── weight_decay: 0                                                         
│       lr: 0.0003                                                              
│       beta1: 0.9                                                              
│       beta2: 0.999                                                            
│       eps: 1.0e-08                                                            
│                                                                               
├── trainer
│   └── _target_: lightning.Trainer                                             
│       accelerator: cuda                                                       
│       num_nodes: 1                                                            
│       devices: 2                                                              
│       accumulate_grad_batches: 1                                              
│       gradient_clip_val: 1.0                                                  
│       precision: bf16                                                         
│       num_sanity_val_steps: 2                                                 
│       max_steps: 1000000                                                      
│       log_every_n_steps: 1000                                                 
│       limit_train_batches: 1.0                                                
│       limit_val_batches: 1.0                                                  
│       val_check_interval: 2000                                                
│                                                                               
├── wandb
│   └── None                                                                    
├── checkpointing
│   └── save_dir: /weka/data/lab/yan/peihong_li/ACL/structure_ABD/outputs/cnn_da
│       resume_from_ckpt: true                                                  
│       resume_ckpt_path: /weka/data/lab/yan/peihong_li/ACL/structure_ABD/output
│                                                                               
├── callbacks
│   └── checkpoint_every_n_steps:                                               
│         _target_: lightning.pytorch.callbacks.ModelCheckpoint                 
│         save_top_k: -1                                                        
│         save_last: true                                                       
│         dirpath: /weka/data/lab/yan/peihong_li/ACL/structure_ABD/outputs/cnn_d
│         verbose: true                                                         
│         auto_insert_metric_name: false                                        
│         every_n_train_steps: 500                                              
│       checkpoint_monitor:                                                     
│         _target_: lightning.pytorch.callbacks.ModelCheckpoint                 
│         monitor: val/nll                                                      
│         mode: min                                                             
│         save_top_k: 1                                                         
│         save_last: false                                                      
│         dirpath: /weka/data/lab/yan/peihong_li/ACL/structure_ABD/outputs/cnn_d
│         filename: best                                                        
│         auto_insert_metric_name: false                                        
│         verbose: true                                                         
│       learning_rate_monitor:                                                  
│         _target_: lightning.pytorch.callbacks.LearningRateMonitor             
│         logging_interval: step                                                
│                                                                               
├── data
│   └── train: cnn_dailymail                                                    
│       valid: cnn_dailymail                                                    
│       tokenizer_name_or_path: gpt2                                            
│       cache_dir: /data/lab/yan/peihong_li/data_cache/cdm_cnn_dm_dat           
│       wrap: false                                                             
│       streaming: false                                                        
│       cnn_dm_version: 3.0.0                                                   
│       prefix_max_tokens: 768                                                  
│       answer_max_tokens: 256                                                  
│       loss_on_answer_eos: true                                                
│       conditional_generation: true                                            
│                                                                               
├── model
│   └── name: small                                                             
│       type: ddit                                                              
│       hidden_size: 768                                                        
│       cond_dim: 128                                                           
│       length: 1024                                                            
│       n_blocks: 12                                                            
│       n_heads: 12                                                             
│       scale_by_sigma: true                                                    
│       dropout: 0.1                                                            
│       tie_word_embeddings: true                                               
│       adaln: false                                                            
│       attn_backend: sdpa                                                      
│                                                                               
├── strategy
│   └── _target_: lightning.pytorch.strategies.DDPStrategy                      
│       find_unused_parameters: false                                           
│                                                                               
├── noise
│   └── type: loglinear                                                         
│       sigma_min: 0.0001                                                       
│       sigma_max: 20                                                           
│                                                                               
├── lr_scheduler
│   └── _target_: transformers.get_constant_schedule_with_warmup                
│       num_warmup_steps: 2500                                                  
│                                                                               
└── algo
    └── name: bd3lm                                                             
        backbone: dit                                                           
        parameterization: subs                                                  
        time_conditioning: false                                                
        T: 5000                                                                 
        causal_attention: false                                                 
        dropout: 0.0                                                            
        ignore_bos: true                                                        
        cross_attn: true                                                        
        var_min: true                                                           
        clip_search_delta: 0.05                                                 
        clip_search_widths: []                                                  
        fix_clipping: false                                                     
        sampler: semi_ar                                                        
        mdlm_loss_scale: false                                                  
        structured_masking:                                                     
          enabled: true                                                         
          r_low: 0.3                                                            
          r_high: 0.7                                                           
          span_blocks: 2                                                        
          global_t: true                                                        
        span_loss:                                                              
          enabled: false                                                        
          lambda_span: 1.0                                                      
          type: bow                                                             
        structured_inference:                                                   
          enabled: false                                                        
          aggregation: mean                                                     
          commitment: mixed                                                     
          threshold: fixed_ratio                                                
                                                                                
[2026-04-13 11:08:49,563][__main__][INFO] - Generating samples.
==================================================
  [Mechanism C+A] Structured masking ENABLED
  r_low=0.3, r_high=0.7, span_blocks=2
  This is NOT vanilla Block Diffusion.
==================================================
Loading checkpoint at 6507
[2026-04-13 11:08:52,978][__main__][INFO] - Conditional sampling: using dataloader prefixes and generating answer tokens.
[2026-04-13 11:08:52,986][dataloader][INFO] - Loading data from: /data/lab/yan/peihong_li/data_cache/cdm_cnn_dm_dat/cnn_dailymail_validation_bs1024_unwrapped_cnn3.0.0_p768_a256_lossEOS1.dat
[Batch 0] Prefix length: 770, Answer length: 57
[Batch 0] Token mask (first 50): [False, False, False, False, False, False, False, False, False, False, False, False, False, False, False, False, False, False, False, False, False, False, False, False, False, False, False, False, False, False, False, False, False, False, False, False, False, False, False, False, False, False, False, False, False, False, False, False, False, False]
[Batch 0] Token mask (last 50): [False, False, False, False, False, False, False, False, False, False, False, False, False, False, False, False, False, False, False, False, False, False, False, False, False, False, False, False, False, False, False, False, False, False, False, False, False, False, False, False, False, False, False, False, False, False, False, False, False, False]
[Batch 0] Total sequence length: 1024
[Batch 0] Prefix ratio: 75.20%, Answer ratio: 5.57%
--------------------------------------------------------------------------------
  0%|          | 0/256 [00:00<?, ?it/s] 75%|███████▌  | 193/256 [00:00<00:00, 365.52it/s] 90%|████████▉ | 230/256 [00:03<00:00, 59.43it/s]  96%|█████████▌| 246/256 [00:04<00:00, 43.74it/s]100%|██████████| 256/256 [00:04<00:00, 36.81it/s]100%|██████████| 256/256 [00:04<00:00, 52.99it/s]
[DEBUG] x_out shape: torch.Size([1, 1024])
[DEBUG] x_out sample (first 50): [50256, 7, 18474, 8, 10374, 1806, 257, 16084, 422, 465, 3397, 393, 11077, 11, 356, 743, 1239, 760, 644, 373, 1016, 832, 262, 2000, 286, 33728, 40753, 4224, 287, 262, 7188, 3756, 510, 284, 262, 7014, 286, 2679, 48819, 13365, 6957, 1495, 13, 1867, 356, 783, 760, 318, 326, 477]
[DEBUG] x_out sample (last 50): [24622, 1143, 9751, 8967, 1, 351, 6049, 8862, 7460, 764, 198, 43, 549, 4224, 6989, 422, 366, 24622, 1143, 9751, 8967, 1, 351, 6049, 8862, 764, 198, 43, 549, 4224, 338, 8862, 7460, 3017, 28585, 6066, 11, 3612, 11, 3612, 11, 3612, 11, 3612, 11, 3612, 11, 3612, 11, 3612]
[DEBUG] token_mask shape: torch.Size([1, 1024])
[DEBUG] token_mask has any True: True
[DEBUG] ans_pos: 770
[DEBUG] answer region tokens: [43, 549, 4224, 6989, 422, 366, 24622, 1143, 9751, 8967, 553, 351, 6049, 8862, 7460, 11, 1864, 284, 4141, 7533]
Generative perplexity: tensor(28.9835, device='cuda:0')

=== Example 0 ===
PREFIX:
 <|endoftext|>(CNN)Barring a revelation from his parents or girlfriend, we may never know what was going through the mind of Andreas Lubitz in the moments leading up to the crash of Germanwings Flight 9525. What we now know is that all indications point to Lubitz as the perpetrator of the crash, locking the pilot out of the cockpit and setting the aircraft on a fatal trajectory into a remote mountain range in the French Alps. Every day, more details come to light, as the world struggles to make sense of why a 27-year-old German man would apparently choose to deliberately crash a plane with 150 people on board, including himself -- and remain so calm while doing it. When investigators searched Lubitz's home in Dusseldorf, they found medical leave notes "slashed," suggesting Lubitz was hiding an illness or illnesses from his employers. The dates for which Lubitz was excused from work included the day of the crash, though investigators have not yet revealed the reason he was excused, if any reason was written on the notes by his doctor. We do know, from a German aviation source, that Lubitz passed his annual pilot recertification examination last summer. An official with Lufthansa, the parent company of the budget airline Germanwings, said that the exam only tests physical health, not psychological health. "He was 100% fit to fly without restrictions," Lufthansa CEO Carsten Spohr told reporters at press conference last week. "His flight performance was perfect. There was nothing to worry about." Spohr added that Lubitz had "interrupted" his training, which he began in 2008. That break lasted several months, he said, but that such an interruption isn't uncommon. Lubitz suffered from "generalized anxiety disorder," with severe depression symptoms dating back to 2009, according to French newspaper Le Parisien. While the main medical clinic in Dusseldorf denies it was treating Lubitz for depression, German investigators found antidepressant medications in Lubitz's apartment, according to published reports that CNN has not yet been able to independently confirm. Die Welt, a German newspaper, over the weekend cited an unidentified senior investigator, who said Lubitz suffered from "severe subjective burnout syndrome" and severe depression. "Someone who has a significant depressive episode or depressive disorder will oftentimes get an antidepressant alone, and many times will have a good resolution of those symptoms," CNN Chief Medical Correspondent Dr. Sanjay Gupta told Poppy Harlow Sunday on "CNN Newsroom." "People who relapse or develop more of what is called a psychotic depression in addition may have symptoms of psychosis. Maybe they could be having delusions or hallucinations, but the idea is having breaks with reality." One of the medications Lubitz was prescribed is said to be Agomelatine (an antidepressant medication), according to Le Perisien. Antidepressants can sometimes make people suicidal, especially those suffering from schizophrenia and bipolar disorder. Other times, they can make patients manic or psychotic. The drug's list of warnings and precautions include metabolic changes -- such as weight gain -- and the potential for cognitive and motor impairment. "Has potential to impair judgment, thinking and motor skills; use caution when operating machinery." In 2010, Lubitz received Olanzpine injections (an antipsychotic medication) "to treat OCD," according to Le Perisien. Doctors advised Lubitz to be more active, practice a new sport and regain self-confidence. "This is a powerful medication," said Gupta. "If this is true, it sort of reads into the severity of just how bad the psychosis was, at least at one point in his life." There are other things besides psychosis for which the drug may be administered, but that's the most common use. One of<|endoftext|>
GT:
 Investigators believe Andreas Lubitz deliberately crashed Germanwings Flight 9525, killing himself and 149 others .
Lubitz suffered from anxiety and depression symptoms dating back to 2009, French newspaper reported .
Doctor: It's 'rare for depression to cause people to kill other people'
PRED:
 Lubitz suffered from "generalized anxiety disorder," with severe depression symptoms, according to French newspaper Le Parisien quotes Lubitz's depression .
Lubitz suffer from "generalized anxiety disorder with depression .
Some of the medications Lubitz was prescribed are say to be Agomelatine (an antidepressant medication) medication and psychotics .
These medications can make sufferers psychotic and bipolar disorder, says the psychiatrist .
